==44616== Memcheck, a memory error detector
==44616== Copyright (C) 2002-2017, and GNU GPL'd, by Julian Seward et al.
==44616== Using Valgrind-3.13.0 and LibVEX; rerun with -h for copyright info
==44616== Command: ./indexer ../data/letters ../data/letters.index
==44616== 
{}
{}
{depth{7=1}}
{}
{}
{}
{}
{}
{}
{}
{}
{}
{}
{}
{}
{}
{}
{first{7=1},{2=1}}
{}
{}
{}
{}
{}
{}
{}
{}
{}
{}
{}
{}
{}
{this{0=1}}
{}
{}
{}
{}
{}
{breadth{2=1}}
{home{8=1},{7=1},{6=1},{5=1},{4=1},{3=1},{2=1},{1=1},{0=2}}
{}
{}
{}
{}
{}
{}
{}
{}
{}
{}
{}
{}
{}
{}
{}
{}
{}
{}
{}
{}
{}
{}
{}
{}
{}
{}
{}
{}
{}
{}
{}
{}
{}
{}
{}
{}
{}
{}
{}
{}
{}
{}
{}
{}
{algorithm{1=1}}
{}
{}
{}
{}
{}
{}
{}
{}
{}
{}
{}
{}
{}
{}
{}
{}
{}
{}
{}
{}
{}
{}
{}
{}
{}
{}
{}
{}
{}
{}
{}
{}
{}
{}
{}
{}
{}
{}
{}
{}
{}
{}
{biology{8=1}}
{}
{}
{}
{}
{}
{}
{search{7=1},{2=1}}
{traversal{4=1}}
{}
{}
{}
{}
{}
{}
{}
{}
{}
{}
{}
{fast{6=1}}
{}
{}
{}
{}
{}
{}
{}
{}
{}
{}
{}
{}
{}
{}
{}
{}
{}
{}
{}
{}
{}
{}
{}
{}
{}
{}
{}
{}
{}
{}
{}
{}
{}
{}
{}
{graph{4=1}}
{}
{}
{}
{}
{}
{huffman{5=1}}
{}
{}
{}
{}
{}
{}
{}
{}
{}
{}
{}
{}
{}
{}
{}
{}
{}
{}
{}
{}
{}
{}
{}
{}
{}
{}
{}
{}
{}
{}
{playground{0=1}}
{}
{}
{}
{}
{}
{}
{page{0=1}}
{}
{computational{8=1}}
{}
{coding{5=1}}
{}
{}
{}
{}
{}
{}
{}
{}
{}
{}
{}
{}
{}
{}
{}
{}
{}
{}
{}
{}
{}
{}
{}
{}
{eniac{3=1}}
{}
{fourier{6=1}}
{}
{}
{}
{}
{}
{}
{}
{}
{}
{}
{}
{}
{}
{}
{}
{}
{}
{}
{}
{}
{}
{}
{}
{}
{}
{}
{}
{}
{}
{}
{}
{transform{6=1}}
{}
{}
{}
{}
{}
{}
{}
{}
{}
{}
==44616== 
==44616== HEAP SUMMARY:
==44616==     in use at exit: 0 bytes in 0 blocks
==44616==   total heap usage: 1,363 allocs, 1,363 frees, 243,330 bytes allocated
==44616== 
==44616== All heap blocks were freed -- no leaks are possible
==44616== 
==44616== For counts of detected and suppressed errors, rerun with: -v
==44616== ERROR SUMMARY: 0 errors from 0 contexts (suppressed: 0 from 0)
